{"name": "Test http code response on job links for monefy website", "status": "failed", "statusDetails": {"message": "AssertionError: Scraper is not grabbing any job links", "trace": "get_job_details = (([], [], [], [], []), ([], [], [], [], [], []))\n\n    @pytest.mark.regression\n    @pytest.mark.API\n    def test_monefy_status_code_link_api(get_job_details):\n        allure.dynamic.title(f\"Test http code response on job links for {company_name} website\")\n    \n        scraped_jobs_data = get_job_details[0]\n        with allure.step(\"Step 1: Get job links from the scraper\"):\n            job_links_scraper = sorted(scraped_jobs_data[3])\n    \n        with allure.step(\"Step 2: Check job links for response code\"):\n            status_codes_expected_result = [200] * len(job_links_scraper)\n            status_codes_actual_result = TestUtils().get_http_code(job_links_scraper)\n            allure.attach(f\"Expected Results: {status_codes_expected_result}\", name=\"Expected Results\")\n            allure.attach(f\"Actual Results: {status_codes_actual_result}\", name=\"Actual Results\")\n>           TestUtils().check_code_job_links(status_codes_expected_result, status_codes_actual_result)\n\ntests/Test_API_Suite/test_monefy.py:156: \n_ _ _ _ _ _ _ _ _ _ _ _ _ _ _ _ _ _ _ _ _ _ _ _ _ _ _ _ _ _ _ _ _ _ _ _ _ _ _ _ \n\nself = <tests.utils.TestUtils object at 0x7f0de133feb0>\nstatus_codes_expected_result = [], status_codes_actual_result = []\n\n    def check_code_job_links(self, status_codes_expected_result, status_codes_actual_result):\n        http_codes = self.get_missing_items(status_codes_expected_result, status_codes_actual_result)\n        msg = \"\"\n    \n        if not http_codes:\n            msg = f\"Some job links from scraper do not return 200 http status code: {http_codes}\"\n            allure.step(msg)\n    \n        if not status_codes_expected_result and not status_codes_actual_result:\n            msg = f\"Scraper is not grabbing any job links\"\n            allure.step(msg)\n>           raise AssertionError(msg)\nE           AssertionError: Scraper is not grabbing any job links\n\ntests/utils.py:275: AssertionError"}, "steps": [{"name": "Step 1: Get job links from the scraper", "status": "passed", "start": 1712121327980, "stop": 1712121327980}, {"name": "Step 2: Check job links for response code", "status": "failed", "statusDetails": {"message": "AssertionError: Scraper is not grabbing any job links\n", "trace": "  File \"/home/runner/work/scrapers_Larisa_M16/scrapers_Larisa_M16/tests/Test_API_Suite/test_monefy.py\", line 156, in test_monefy_status_code_link_api\n    TestUtils().check_code_job_links(status_codes_expected_result, status_codes_actual_result)\n  File \"/home/runner/work/scrapers_Larisa_M16/scrapers_Larisa_M16/tests/utils.py\", line 275, in check_code_job_links\n    raise AssertionError(msg)\n"}, "attachments": [{"name": "Expected Results", "source": "dad36cc7-9f51-45dd-ba52-668401b8e213-attachment.attach"}, {"name": "Actual Results", "source": "068ef117-c3ff-475a-9b34-61d2cc03a086-attachment.attach"}], "start": 1712121327980, "stop": 1712121327980}], "start": 1712121327980, "stop": 1712121327980, "uuid": "b1838cef-cafe-49de-bc12-d0d192badce9", "historyId": "87ab5e66fae8ab1d0638756f87d82744", "testCaseId": "87ab5e66fae8ab1d0638756f87d82744", "fullName": "Test_API_Suite.test_monefy#test_monefy_status_code_link_api", "labels": [{"name": "tag", "value": "API"}, {"name": "tag", "value": "regression"}, {"name": "parentSuite", "value": "Test_API_Suite"}, {"name": "suite", "value": "test_monefy"}, {"name": "host", "value": "fv-az848-262"}, {"name": "thread", "value": "2283-MainThread"}, {"name": "framework", "value": "pytest"}, {"name": "language", "value": "cpython3"}, {"name": "package", "value": "Test_API_Suite.test_monefy"}]}