{"name": "Test http code response on job links for c4media website", "status": "failed", "statusDetails": {"message": "AssertionError: Scraper is not grabbing any job links", "trace": "get_job_details = (([], [], [], [], []), ([], [], [], [], [], []))\n\n    @pytest.mark.regression\n    @pytest.mark.API\n    def test_c4media_status_code_link_api(get_job_details):\n        allure.dynamic.title(f\"Test http code response on job links for {company_name} website\")\n    \n        scraped_jobs_data = get_job_details[0]\n        with allure.step(\"Step 1: Get job links from the scraper\"):\n            job_links_scraper = sorted(scraped_jobs_data[3])\n    \n        with allure.step(\"Step 2: Check job links for response code\"):\n            status_codes_expected_result = [200] * len(job_links_scraper)\n            status_codes_actual_result = TestUtils().get_http_code(job_links_scraper)\n            allure.attach(f\"Expected Results: {status_codes_expected_result}\", name=\"Expected Results\")\n            allure.attach(f\"Actual Results: {status_codes_actual_result}\", name=\"Actual Results\")\n>           TestUtils().check_code_job_links(status_codes_expected_result, status_codes_actual_result)\n\ntests/Test_API_Suite/test_c4media.py:156: \n_ _ _ _ _ _ _ _ _ _ _ _ _ _ _ _ _ _ _ _ _ _ _ _ _ _ _ _ _ _ _ _ _ _ _ _ _ _ _ _ \n\nself = <tests.utils.TestUtils object at 0x7f8f7f8a1930>\nstatus_codes_expected_result = [], status_codes_actual_result = []\n\n    def check_code_job_links(self, status_codes_expected_result, status_codes_actual_result):\n        http_codes = self.get_missing_items(status_codes_expected_result, status_codes_actual_result)\n        msg = \"\"\n    \n        if not http_codes:\n            msg = f\"Some job links from scraper do not return 200 http status code: {http_codes}\"\n            allure.step(msg)\n    \n        if not status_codes_expected_result and not status_codes_actual_result:\n            msg = f\"Scraper is not grabbing any job links\"\n            allure.step(msg)\n>           raise AssertionError(msg)\nE           AssertionError: Scraper is not grabbing any job links\n\ntests/utils.py:275: AssertionError"}, "steps": [{"name": "Step 1: Get job links from the scraper", "status": "passed", "start": 1712553377817, "stop": 1712553377817}, {"name": "Step 2: Check job links for response code", "status": "failed", "statusDetails": {"message": "AssertionError: Scraper is not grabbing any job links\n", "trace": "  File \"/home/runner/work/scrapers_Larisa_M16/scrapers_Larisa_M16/tests/Test_API_Suite/test_c4media.py\", line 156, in test_c4media_status_code_link_api\n    TestUtils().check_code_job_links(status_codes_expected_result, status_codes_actual_result)\n  File \"/home/runner/work/scrapers_Larisa_M16/scrapers_Larisa_M16/tests/utils.py\", line 275, in check_code_job_links\n    raise AssertionError(msg)\n"}, "attachments": [{"name": "Expected Results", "source": "b3ff97fa-0af4-4761-bc64-00899c29e170-attachment.attach"}, {"name": "Actual Results", "source": "27eea6e0-d037-4a7c-83ba-f7033472c67e-attachment.attach"}], "start": 1712553377817, "stop": 1712553377817}], "start": 1712553377817, "stop": 1712553377817, "uuid": "b7a2bc8a-3d94-4bcc-804f-1443d2ded5b9", "historyId": "8b02477e4a20866eb3cfbd43a7bde81c", "testCaseId": "8b02477e4a20866eb3cfbd43a7bde81c", "fullName": "Test_API_Suite.test_c4media#test_c4media_status_code_link_api", "labels": [{"name": "tag", "value": "API"}, {"name": "tag", "value": "regression"}, {"name": "parentSuite", "value": "Test_API_Suite"}, {"name": "suite", "value": "test_c4media"}, {"name": "host", "value": "fv-az567-0"}, {"name": "thread", "value": "2012-MainThread"}, {"name": "framework", "value": "pytest"}, {"name": "language", "value": "cpython3"}, {"name": "package", "value": "Test_API_Suite.test_c4media"}]}