{"name": "Test http code response on job links for canamgroup website", "status": "failed", "statusDetails": {"message": "AssertionError: An unexpected error occured [200, 200, 200, 200, 200] [403, 403, 403, 403, 403]", "trace": "get_job_details = ((['Senior Software Manual Tester', 'Marketing and Communications Specialist', 'Drafter â€“ Construction Components', 'S...am.com/en/job/steel-structure-estimator/', 'https://www.canam.com/en/job/python-developer-engineering-technologies/']))\n\n    @pytest.mark.regression\n    @pytest.mark.API\n    def test_canamgroup_status_code_link_api(get_job_details):\n        allure.dynamic.title(f\"Test http code response on job links for {company_name} website\")\n    \n        scraped_jobs_data, peviitor_jobs_data = get_job_details\n        with allure.step(\"Step 1: Get job links from the scraper\"):\n            job_links_scraper = sorted(scraped_jobs_data[3])\n    \n        with allure.step(\"Step 2: Check job links for response code\"):\n            status_codes_expected_result = [200] * len(job_links_scraper)\n            status_codes_actual_result = [requests.get(link).status_code for link in job_links_scraper]\n            allure.attach(f\"Expected Results: {status_codes_expected_result}\", name=\"Expected Results\")\n            allure.attach(f\"Actual Results: {status_codes_actual_result}\", name=\"Actual Results\")\n>           TestUtils().check_code_job_links(status_codes_expected_result, status_codes_actual_result)\n\ntests/Test_API_Suite/test_canamgroup.py:101: \n_ _ _ _ _ _ _ _ _ _ _ _ _ _ _ _ _ _ _ _ _ _ _ _ _ _ _ _ _ _ _ _ _ _ _ _ _ _ _ _ \n\nself = <tests.utils.TestUtils object at 0x7fb93aa373d0>\nstatus_codes_expected_result = [200, 200, 200, 200, 200]\nstatus_codes_actual_result = [403, 403, 403, 403, 403]\n\n    def check_code_job_links(self, status_codes_expected_result, status_codes_actual_result):\n        http_codes = self.get_missing_items(status_codes_expected_result, status_codes_actual_result)\n        msg = \"\"\n    \n        if not http_codes:\n            msg = f\"Some job links from scraper do not return 200 http status code: {http_codes}\"\n            allure.step(msg)\n    \n        if not status_codes_expected_result and not status_codes_actual_result:\n            msg = f\"Scraper is not grabbing any job links\"\n            allure.step(msg)\n            raise AssertionError(msg)\n    \n        if not msg:\n            msg = f\"An unexpected error occured {status_codes_expected_result} {status_codes_actual_result}\"\n>       assert status_codes_expected_result == status_codes_actual_result, msg\nE       AssertionError: An unexpected error occured [200, 200, 200, 200, 200] [403, 403, 403, 403, 403]\n\ntests/utils.py:168: AssertionError"}, "steps": [{"name": "Step 1: Get job links from the scraper", "status": "passed", "start": 1705485397986, "stop": 1705485397986}, {"name": "Step 2: Check job links for response code", "status": "failed", "statusDetails": {"message": "AssertionError: An unexpected error occured [200, 200, 200, 200, 200] [403, 403, 403, 403, 403]\n", "trace": "  File \"/home/runner/work/scrapers_Larisa_M16/scrapers_Larisa_M16/tests/Test_API_Suite/test_canamgroup.py\", line 101, in test_canamgroup_status_code_link_api\n    TestUtils().check_code_job_links(status_codes_expected_result, status_codes_actual_result)\n  File \"/home/runner/work/scrapers_Larisa_M16/scrapers_Larisa_M16/tests/utils.py\", line 168, in check_code_job_links\n    assert status_codes_expected_result == status_codes_actual_result, msg\n"}, "attachments": [{"name": "Expected Results", "source": "af0ef688-b691-441c-b29a-3ef3b18c55c2-attachment.attach"}, {"name": "Actual Results", "source": "d6ab2886-ad8c-4be7-924d-32ad4c60edf5-attachment.attach"}], "start": 1705485397986, "stop": 1705485400048}], "start": 1705485397986, "stop": 1705485400048, "uuid": "6cd6beb5-b96a-4cf6-afe5-8d11a80fdb47", "historyId": "04611cd8a604daa6ec8803b4a6b93387", "testCaseId": "04611cd8a604daa6ec8803b4a6b93387", "fullName": "Test_API_Suite.test_canamgroup#test_canamgroup_status_code_link_api", "labels": [{"name": "tag", "value": "API"}, {"name": "tag", "value": "regression"}, {"name": "parentSuite", "value": "Test_API_Suite"}, {"name": "suite", "value": "test_canamgroup"}, {"name": "host", "value": "fv-az912-599"}, {"name": "thread", "value": "1960-MainThread"}, {"name": "framework", "value": "pytest"}, {"name": "language", "value": "cpython3"}, {"name": "package", "value": "Test_API_Suite.test_canamgroup"}]}