{"name": "Test http code response on job links for jumbo website", "status": "failed", "statusDetails": {"message": "AssertionError: Scraper is not grabbing any job links", "trace": "get_job_details = (([], [], [], [], []), ([], [], [], [], [], []))\n\n    @pytest.mark.regression\n    @pytest.mark.API\n    def test_jumbo_status_code_link_api(get_job_details):\n        allure.dynamic.title(f\"Test http code response on job links for {company_name} website\")\n    \n        scraped_jobs_data = get_job_details[0]\n        with allure.step(\"Step 1: Get job links from the scraper\"):\n            job_links_scraper = sorted(scraped_jobs_data[3])\n    \n        with allure.step(\"Step 2: Check job links for response code\"):\n            status_codes_expected_result = [200] * len(job_links_scraper)\n            status_codes_actual_result = TestUtils().get_http_code(job_links_scraper)\n            allure.attach(f\"Expected Results: {status_codes_expected_result}\", name=\"Expected Results\")\n            allure.attach(f\"Actual Results: {status_codes_actual_result}\", name=\"Actual Results\")\n>           TestUtils().check_code_job_links(status_codes_expected_result, status_codes_actual_result)\n\ntests/Test_API_Suite/test_jumbo.py:156: \n_ _ _ _ _ _ _ _ _ _ _ _ _ _ _ _ _ _ _ _ _ _ _ _ _ _ _ _ _ _ _ _ _ _ _ _ _ _ _ _ \n\nself = <tests.utils.TestUtils object at 0x7fb5543b0820>\nstatus_codes_expected_result = [], status_codes_actual_result = []\n\n    def check_code_job_links(self, status_codes_expected_result, status_codes_actual_result):\n        http_codes = self.get_missing_items(status_codes_expected_result, status_codes_actual_result)\n        msg = \"\"\n    \n        if not http_codes:\n            msg = f\"Some job links from scraper do not return 200 http status code: {http_codes}\"\n            allure.step(msg)\n    \n        if not status_codes_expected_result and not status_codes_actual_result:\n            msg = f\"Scraper is not grabbing any job links\"\n            allure.step(msg)\n>           raise AssertionError(msg)\nE           AssertionError: Scraper is not grabbing any job links\n\ntests/utils.py:275: AssertionError"}, "steps": [{"name": "Step 1: Get job links from the scraper", "status": "passed", "start": 1710738993960, "stop": 1710738993960}, {"name": "Step 2: Check job links for response code", "status": "failed", "statusDetails": {"message": "AssertionError: Scraper is not grabbing any job links\n", "trace": "  File \"/home/runner/work/scrapers_Larisa_M16/scrapers_Larisa_M16/tests/Test_API_Suite/test_jumbo.py\", line 156, in test_jumbo_status_code_link_api\n    TestUtils().check_code_job_links(status_codes_expected_result, status_codes_actual_result)\n  File \"/home/runner/work/scrapers_Larisa_M16/scrapers_Larisa_M16/tests/utils.py\", line 275, in check_code_job_links\n    raise AssertionError(msg)\n"}, "attachments": [{"name": "Expected Results", "source": "10730171-692a-473a-8336-fe1258e5b425-attachment.attach"}, {"name": "Actual Results", "source": "bf1c46a4-d8d8-4aec-8ad3-614802368b46-attachment.attach"}], "start": 1710738993960, "stop": 1710738993960}], "start": 1710738993960, "stop": 1710738993960, "uuid": "2f839ad6-5e8b-4a7e-94b5-87c2050ba920", "historyId": "f4be6e288e7c4288b56472b63a1df7c3", "testCaseId": "f4be6e288e7c4288b56472b63a1df7c3", "fullName": "Test_API_Suite.test_jumbo#test_jumbo_status_code_link_api", "labels": [{"name": "tag", "value": "API"}, {"name": "tag", "value": "regression"}, {"name": "parentSuite", "value": "Test_API_Suite"}, {"name": "suite", "value": "test_jumbo"}, {"name": "host", "value": "fv-az803-956"}, {"name": "thread", "value": "2105-MainThread"}, {"name": "framework", "value": "pytest"}, {"name": "language", "value": "cpython3"}, {"name": "package", "value": "Test_API_Suite.test_jumbo"}]}