{"name": "Test job types formats from the autototal website against requirements job type formats", "status": "failed", "statusDetails": {"message": "AssertionError: One of the job format types is not within the expected job type formats", "trace": "get_job_details = ((['Sofer (distributie) – Calarasi', 'Agent vanzari – Alba Iulia/ Campeni', 'Sofer cu atributii de lucrator comercial ...OTAL', 'AUTOTOTAL', 'AUTOTOTAL', 'AUTOTOTAL', ...], ['onsite', 'onsite', 'onsite', 'onsite', 'onsite', 'onsite', ...]))\n\n    @pytest.mark.regression\n    @pytest.mark.API\n    def test_autototal_format_type_api(get_job_details):\n        allure.dynamic.title(f\"Test job types formats from the {company_name} website against requirements job type formats\")\n    \n        scraped_jobs_data = get_job_details[0]\n        with allure.step(\"Step 1: Get job types and titles from the scraper\"):\n            job_types_scraper = set(scraped_jobs_data[4])\n    \n        with allure.step(\"Step 2: Compare job types formats from scraper response against requirements job type formats\"):\n            allure.attach(f\"Expected Results: ['hybrid', 'remote', 'on-site']\", name=\"Expected Results\")\n            allure.attach(f\"Scraper Actual Results: {job_types_scraper}\", name=\"Actual Results\")\n>           TestUtils().check_job_format_types(job_types_scraper)\n\ntests/Test_API_Suite/test_autototal.py:124: \n_ _ _ _ _ _ _ _ _ _ _ _ _ _ _ _ _ _ _ _ _ _ _ _ _ _ _ _ _ _ _ _ _ _ _ _ _ _ _ _ \n\nself = <tests.utils.TestUtils object at 0x7f323ea719f0>\njob_types_scraper = {'onsite'}\n\n    def check_job_format_types(self, job_types_scraper):\n        msg = \"An unknown error occured\"\n        expected_job_type_formats = [\"hybrid\", \"remote\", \"on-site\"]\n    \n        for job_type in job_types_scraper:\n            if job_type not in expected_job_type_formats:\n                msg = f\"One of the job format types is not within the expected job type formats\"\n>               raise AssertionError(msg)\nE               AssertionError: One of the job format types is not within the expected job type formats\n\ntests/utils.py:214: AssertionError"}, "steps": [{"name": "Step 1: Get job types and titles from the scraper", "status": "passed", "start": 1710521349747, "stop": 1710521349747}, {"name": "Step 2: Compare job types formats from scraper response against requirements job type formats", "status": "failed", "statusDetails": {"message": "AssertionError: One of the job format types is not within the expected job type formats\n", "trace": "  File \"/home/runner/work/scrapers_Larisa_M16/scrapers_Larisa_M16/tests/Test_API_Suite/test_autototal.py\", line 124, in test_autototal_format_type_api\n    TestUtils().check_job_format_types(job_types_scraper)\n  File \"/home/runner/work/scrapers_Larisa_M16/scrapers_Larisa_M16/tests/utils.py\", line 214, in check_job_format_types\n    raise AssertionError(msg)\n"}, "attachments": [{"name": "Expected Results", "source": "31926548-1539-48c7-960a-f0c7e9b71f82-attachment.attach"}, {"name": "Actual Results", "source": "ebdd0a56-e1eb-4c72-a8a4-ae627546f092-attachment.attach"}], "start": 1710521349747, "stop": 1710521349747}], "start": 1710521349747, "stop": 1710521349747, "uuid": "43c0d8cc-6b7d-47db-ad08-0fe1731efff9", "historyId": "7ac551e0d50a5c09a9cbca10bc8aa512", "testCaseId": "7ac551e0d50a5c09a9cbca10bc8aa512", "fullName": "Test_API_Suite.test_autototal#test_autototal_format_type_api", "labels": [{"name": "tag", "value": "API"}, {"name": "tag", "value": "regression"}, {"name": "parentSuite", "value": "Test_API_Suite"}, {"name": "suite", "value": "test_autototal"}, {"name": "host", "value": "fv-az1214-984"}, {"name": "thread", "value": "2038-MainThread"}, {"name": "framework", "value": "pytest"}, {"name": "language", "value": "cpython3"}, {"name": "package", "value": "Test_API_Suite.test_autototal"}]}